************ Start Display Current Environment ************
Host Operating System is Linux, version 2.6.32-358.el6.x86_64
Java version = J2RE 1.6.0 IBM J9 2.4 Linux amd64-64 jvmxa6460-20080816_22093 (JIT enabled, AOT enabled)
J9VM - 20080816_022093_LHdSMr
JIT  - r9_20080721_1330ifx2
GC   - 20080724_AA, Java Compiler = j9jit24, Java VM name = IBM J9 VM
was.install.root = /opt/IBM/WebSphere/AppServer
user.install.root = /opt/IBM/WebSphere/AppServer/profiles/AppSrv01
Java Home = /opt/IBM/WebSphere/AppServer/java/jre
ws.ext.dirs = /opt/IBM/WebSphere/AppServer/java/lib:/opt/IBM/WebSphere/AppServer/classes:/opt/IBM/WebSphere/AppServer/lib:/opt/IBM/WebSphere/AppServer/installedChannels:/opt/IBM/WebSphere/AppServer/lib/ext:/opt/IBM/WebSphere/AppServer/web/help:/opt/IBM/WebSphere/AppServer/deploytool/itp/plugins/com.ibm.etools.ejbdeploy/runtime
Classpath = /opt/IBM/WebSphere/AppServer/profiles/AppSrv01/properties:/opt/IBM/WebSphere/AppServer/properties:/opt/IBM/WebSphere/AppServer/lib/startup.jar:/opt/IBM/WebSphere/AppServer/lib/bootstrap.jar:/opt/IBM/WebSphere/AppServer/lib/lmproxy.jar:/opt/IBM/WebSphere/AppServer/lib/urlprotocols.jar:/opt/IBM/WebSphere/AppServer/java/lib/tools.jar
Java Library path = /opt/IBM/WebSphere/AppServer/java/jre/lib/amd64/default:/opt/IBM/WebSphere/AppServer/java/jre/lib/amd64:/opt/IBM/WebSphere/AppServer/bin::/usr/lib
Current trace specification = *=info
************* End Display Current Environment *************
[6/22/16 22:32:35:827 CST] 00000000 ManagerAdmin  I   TRAS0017I: The startup trace state is *=info.
[6/22/16 22:32:35:884 CST] 00000000 AdminTool     A   ADMU0128I: Starting tool with the AppSrv01 profile
[6/22/16 22:32:35:885 CST] 00000000 AdminTool     A   ADMU3100I: Reading configuration for server: server1
[6/22/16 22:32:35:910 CST] 00000000 ModelMgr      I   WSVR0801I: Initializing all server configuration models
[6/22/16 22:32:37:145 CST] 00000000 ProviderTrack I com.ibm.ffdc.osgi.ProviderTracker AddingService FFDC1007I: FFDC Provider Installed: com.ibm.ffdc.EmptyProvider(silent)
[6/22/16 22:32:37:242 CST] 00000000 SSLConfig     W   CWPKI0041W: One or more key stores are using the default password.
[6/22/16 22:32:37:250 CST] 00000000 SSLConfigMana I   CWPKI0027I: Disabling default hostname verification for HTTPS URL connections.
[6/22/16 22:32:37:257 CST] 00000000 SecurityObjec I   Client code attempting to load security configuration
[6/22/16 22:32:37:971 CST] 00000000 SecurityObjec I   Client code attempting to load security configuration
[6/22/16 22:32:38:098 CST] 00000000 AdminTool     A   ADMU3201I: Server stop request issued. Waiting for stop status.
[6/22/16 22:32:43:403 CST] 00000000 AdminTool     A   ADMU4000I: Server server1 stop completed.
************ Start Display Current Environment ************
Host Operating System is Linux, version 2.6.32-358.el6.x86_64
Java version = J2RE 1.6.0 IBM J9 2.4 Linux amd64-64 jvmxa6460-20080816_22093 (JIT enabled, AOT enabled)
J9VM - 20080816_022093_LHdSMr
JIT  - r9_20080721_1330ifx2
GC   - 20080724_AA, Java Compiler = j9jit24, Java VM name = IBM J9 VM
was.install.root = /opt/IBM/WebSphere/AppServer
user.install.root = /opt/IBM/WebSphere/AppServer/profiles/AppSrv01
Java Home = /opt/IBM/WebSphere/AppServer/java/jre
ws.ext.dirs = /opt/IBM/WebSphere/AppServer/java/lib:/opt/IBM/WebSphere/AppServer/classes:/opt/IBM/WebSphere/AppServer/lib:/opt/IBM/WebSphere/AppServer/installedChannels:/opt/IBM/WebSphere/AppServer/lib/ext:/opt/IBM/WebSphere/AppServer/web/help:/opt/IBM/WebSphere/AppServer/deploytool/itp/plugins/com.ibm.etools.ejbdeploy/runtime
Classpath = /opt/IBM/WebSphere/AppServer/profiles/AppSrv01/properties:/opt/IBM/WebSphere/AppServer/properties:/opt/IBM/WebSphere/AppServer/lib/startup.jar:/opt/IBM/WebSphere/AppServer/lib/bootstrap.jar:/opt/IBM/WebSphere/AppServer/lib/lmproxy.jar:/opt/IBM/WebSphere/AppServer/lib/urlprotocols.jar:/opt/IBM/WebSphere/AppServer/java/lib/tools.jar
Java Library path = /opt/IBM/WebSphere/AppServer/java/jre/lib/amd64/default:/opt/IBM/WebSphere/AppServer/java/jre/lib/amd64:/opt/IBM/WebSphere/AppServer/bin::/usr/lib
Current trace specification = *=info
************* End Display Current Environment *************
[6/22/16 22:41:37:101 CST] 00000000 ManagerAdmin  I   TRAS0017I: The startup trace state is *=info.
[6/22/16 22:41:37:152 CST] 00000000 AdminTool     A   ADMU0128I: Starting tool with the AppSrv01 profile
[6/22/16 22:41:37:153 CST] 00000000 AdminTool     A   ADMU3100I: Reading configuration for server: server1
[6/22/16 22:41:37:181 CST] 00000000 ModelMgr      I   WSVR0801I: Initializing all server configuration models
[6/22/16 22:41:38:437 CST] 00000000 ProviderTrack I com.ibm.ffdc.osgi.ProviderTracker AddingService FFDC1007I: FFDC Provider Installed: com.ibm.ffdc.EmptyProvider(silent)
[6/22/16 22:41:38:534 CST] 00000000 SSLConfig     W   CWPKI0041W: One or more key stores are using the default password.
[6/22/16 22:41:38:541 CST] 00000000 SSLConfigMana I   CWPKI0027I: Disabling default hostname verification for HTTPS URL connections.
[6/22/16 22:41:38:549 CST] 00000000 SecurityObjec I   Client code attempting to load security configuration
[6/22/16 22:41:39:251 CST] 00000000 SecurityObjec I   Client code attempting to load security configuration
[6/22/16 22:41:39:400 CST] 00000000 AdminTool     A   ADMU3201I: Server stop request issued. Waiting for stop status.
[6/22/16 22:41:44:674 CST] 00000000 AdminTool     A   ADMU4000I: Server server1 stop completed.
************ Start Display Current Environment ************
Host Operating System is Linux, version 2.6.32-358.el6.x86_64
Java version = J2RE 1.6.0 IBM J9 2.4 Linux amd64-64 jvmxa6460-20080816_22093 (JIT enabled, AOT enabled)
J9VM - 20080816_022093_LHdSMr
JIT  - r9_20080721_1330ifx2
GC   - 20080724_AA, Java Compiler = j9jit24, Java VM name = IBM J9 VM
was.install.root = /opt/IBM/WebSphere/AppServer
user.install.root = /opt/IBM/WebSphere/AppServer/profiles/AppSrv01
Java Home = /opt/IBM/WebSphere/AppServer/java/jre
ws.ext.dirs = /opt/IBM/WebSphere/AppServer/java/lib:/opt/IBM/WebSphere/AppServer/classes:/opt/IBM/WebSphere/AppServer/lib:/opt/IBM/WebSphere/AppServer/installedChannels:/opt/IBM/WebSphere/AppServer/lib/ext:/opt/IBM/WebSphere/AppServer/web/help:/opt/IBM/WebSphere/AppServer/deploytool/itp/plugins/com.ibm.etools.ejbdeploy/runtime
Classpath = /opt/IBM/WebSphere/AppServer/profiles/AppSrv01/properties:/opt/IBM/WebSphere/AppServer/properties:/opt/IBM/WebSphere/AppServer/lib/startup.jar:/opt/IBM/WebSphere/AppServer/lib/bootstrap.jar:/opt/IBM/WebSphere/AppServer/lib/lmproxy.jar:/opt/IBM/WebSphere/AppServer/lib/urlprotocols.jar:/opt/IBM/WebSphere/AppServer/java/lib/tools.jar
Java Library path = /opt/IBM/WebSphere/AppServer/java/jre/lib/amd64/default:/opt/IBM/WebSphere/AppServer/java/jre/lib/amd64:/opt/IBM/WebSphere/AppServer/bin::/usr/lib
Current trace specification = *=info
************* End Display Current Environment *************
[6/24/16 15:48:07:165 CST] 00000000 ManagerAdmin  I   TRAS0017I: The startup trace state is *=info.
[6/24/16 15:48:07:276 CST] 00000000 AdminTool     A   ADMU0128I: Starting tool with the AppSrv01 profile
[6/24/16 15:48:07:277 CST] 00000000 AdminTool     A   ADMU3100I: Reading configuration for server: server1
[6/24/16 15:48:07:308 CST] 00000000 ModelMgr      I   WSVR0801I: Initializing all server configuration models
[6/24/16 15:48:08:599 CST] 00000000 ProviderTrack I com.ibm.ffdc.osgi.ProviderTracker AddingService FFDC1007I: FFDC Provider Installed: com.ibm.ffdc.EmptyProvider(silent)
[6/24/16 15:48:08:701 CST] 00000000 SSLConfig     W   CWPKI0041W: One or more key stores are using the default password.
[6/24/16 15:48:08:709 CST] 00000000 SSLConfigMana I   CWPKI0027I: Disabling default hostname verification for HTTPS URL connections.
[6/24/16 15:48:08:717 CST] 00000000 SecurityObjec I   Client code attempting to load security configuration
[6/24/16 15:48:09:435 CST] 00000000 SecurityObjec I   Client code attempting to load security configuration
[6/24/16 15:48:09:581 CST] 00000000 AdminTool     A   ADMU3201I: Server stop request issued. Waiting for stop status.
[6/24/16 15:48:14:999 CST] 00000000 AdminTool     A   ADMU4000I: Server server1 stop completed.
************ Start Display Current Environment ************
Host Operating System is Linux, version 2.6.32-358.el6.x86_64
Java version = J2RE 1.6.0 IBM J9 2.4 Linux amd64-64 jvmxa6460-20080816_22093 (JIT enabled, AOT enabled)
J9VM - 20080816_022093_LHdSMr
JIT  - r9_20080721_1330ifx2
GC   - 20080724_AA, Java Compiler = j9jit24, Java VM name = IBM J9 VM
was.install.root = /opt/IBM/WebSphere/AppServer
user.install.root = /opt/IBM/WebSphere/AppServer/profiles/AppSrv01
Java Home = /opt/IBM/WebSphere/AppServer/java/jre
ws.ext.dirs = /opt/IBM/WebSphere/AppServer/java/lib:/opt/IBM/WebSphere/AppServer/classes:/opt/IBM/WebSphere/AppServer/lib:/opt/IBM/WebSphere/AppServer/installedChannels:/opt/IBM/WebSphere/AppServer/lib/ext:/opt/IBM/WebSphere/AppServer/web/help:/opt/IBM/WebSphere/AppServer/deploytool/itp/plugins/com.ibm.etools.ejbdeploy/runtime
Classpath = /opt/IBM/WebSphere/AppServer/profiles/AppSrv01/properties:/opt/IBM/WebSphere/AppServer/properties:/opt/IBM/WebSphere/AppServer/lib/startup.jar:/opt/IBM/WebSphere/AppServer/lib/bootstrap.jar:/opt/IBM/WebSphere/AppServer/lib/lmproxy.jar:/opt/IBM/WebSphere/AppServer/lib/urlprotocols.jar:/opt/IBM/WebSphere/AppServer/java/lib/tools.jar
Java Library path = /opt/IBM/WebSphere/AppServer/java/jre/lib/amd64/default:/opt/IBM/WebSphere/AppServer/java/jre/lib/amd64:/opt/IBM/WebSphere/AppServer/bin::/usr/lib
Current trace specification = *=info
************* End Display Current Environment *************
[6/24/16 15:56:51:675 CST] 00000000 ManagerAdmin  I   TRAS0017I: The startup trace state is *=info.
[6/24/16 15:56:51:722 CST] 00000000 AdminTool     A   ADMU0128I: Starting tool with the AppSrv01 profile
[6/24/16 15:56:51:723 CST] 00000000 AdminTool     A   ADMU3100I: Reading configuration for server: server1
[6/24/16 15:56:51:758 CST] 00000000 ModelMgr      I   WSVR0801I: Initializing all server configuration models
[6/24/16 15:56:53:087 CST] 00000000 ProviderTrack I com.ibm.ffdc.osgi.ProviderTracker AddingService FFDC1007I: FFDC Provider Installed: com.ibm.ffdc.EmptyProvider(silent)
[6/24/16 15:56:53:189 CST] 00000000 SSLConfig     W   CWPKI0041W: One or more key stores are using the default password.
[6/24/16 15:56:53:197 CST] 00000000 SSLConfigMana I   CWPKI0027I: Disabling default hostname verification for HTTPS URL connections.
[6/24/16 15:56:53:205 CST] 00000000 SecurityObjec I   Client code attempting to load security configuration
[6/24/16 15:56:53:946 CST] 00000000 SecurityObjec I   Client code attempting to load security configuration
[6/24/16 15:56:54:060 CST] 00000000 AdminTool     A   ADMU3201I: Server stop request issued. Waiting for stop status.
[6/24/16 15:56:59:323 CST] 00000000 AdminTool     A   ADMU4000I: Server server1 stop completed.
************ Start Display Current Environment ************
Host Operating System is Linux, version 2.6.32-358.el6.x86_64
Java version = J2RE 1.6.0 IBM J9 2.4 Linux amd64-64 jvmxa6460-20080816_22093 (JIT enabled, AOT enabled)
J9VM - 20080816_022093_LHdSMr
JIT  - r9_20080721_1330ifx2
GC   - 20080724_AA, Java Compiler = j9jit24, Java VM name = IBM J9 VM
was.install.root = /opt/IBM/WebSphere/AppServer
user.install.root = /opt/IBM/WebSphere/AppServer/profiles/AppSrv01
Java Home = /opt/IBM/WebSphere/AppServer/java/jre
ws.ext.dirs = /opt/IBM/WebSphere/AppServer/java/lib:/opt/IBM/WebSphere/AppServer/classes:/opt/IBM/WebSphere/AppServer/lib:/opt/IBM/WebSphere/AppServer/installedChannels:/opt/IBM/WebSphere/AppServer/lib/ext:/opt/IBM/WebSphere/AppServer/web/help:/opt/IBM/WebSphere/AppServer/deploytool/itp/plugins/com.ibm.etools.ejbdeploy/runtime
Classpath = /opt/IBM/WebSphere/AppServer/profiles/AppSrv01/properties:/opt/IBM/WebSphere/AppServer/properties:/opt/IBM/WebSphere/AppServer/lib/startup.jar:/opt/IBM/WebSphere/AppServer/lib/bootstrap.jar:/opt/IBM/WebSphere/AppServer/lib/lmproxy.jar:/opt/IBM/WebSphere/AppServer/lib/urlprotocols.jar:/opt/IBM/WebSphere/AppServer/java/lib/tools.jar
Java Library path = /opt/IBM/WebSphere/AppServer/java/jre/lib/amd64/default:/opt/IBM/WebSphere/AppServer/java/jre/lib/amd64:/opt/IBM/WebSphere/AppServer/bin::/usr/lib
Current trace specification = *=info
************* End Display Current Environment *************
[6/25/16 11:08:11:339 CST] 00000000 ManagerAdmin  I   TRAS0017I: The startup trace state is *=info.
[6/25/16 11:08:11:434 CST] 00000000 AdminTool     A   ADMU0128I: Starting tool with the AppSrv01 profile
[6/25/16 11:08:11:435 CST] 00000000 AdminTool     A   ADMU3100I: Reading configuration for server: server1
[6/25/16 11:08:11:464 CST] 00000000 ModelMgr      I   WSVR0801I: Initializing all server configuration models
[6/25/16 11:08:12:706 CST] 00000000 ProviderTrack I com.ibm.ffdc.osgi.ProviderTracker AddingService FFDC1007I: FFDC Provider Installed: com.ibm.ffdc.EmptyProvider(silent)
[6/25/16 11:08:12:797 CST] 00000000 SSLConfig     W   CWPKI0041W: One or more key stores are using the default password.
[6/25/16 11:08:12:803 CST] 00000000 SSLConfigMana I   CWPKI0027I: Disabling default hostname verification for HTTPS URL connections.
[6/25/16 11:08:12:811 CST] 00000000 SecurityObjec I   Client code attempting to load security configuration
[6/25/16 11:08:13:482 CST] 00000000 SecurityObjec I   Client code attempting to load security configuration
[6/25/16 11:08:13:602 CST] 00000000 AdminTool     A   ADMU3201I: Server stop request issued. Waiting for stop status.
[6/25/16 11:08:18:918 CST] 00000000 AdminTool     A   ADMU4000I: Server server1 stop completed.
************ Start Display Current Environment ************
Host Operating System is Linux, version 2.6.32-358.el6.x86_64
Java version = J2RE 1.6.0 IBM J9 2.4 Linux amd64-64 jvmxa6460-20080816_22093 (JIT enabled, AOT enabled)
J9VM - 20080816_022093_LHdSMr
JIT  - r9_20080721_1330ifx2
GC   - 20080724_AA, Java Compiler = j9jit24, Java VM name = IBM J9 VM
was.install.root = /opt/IBM/WebSphere/AppServer
user.install.root = /opt/IBM/WebSphere/AppServer/profiles/AppSrv01
Java Home = /opt/IBM/WebSphere/AppServer/java/jre
ws.ext.dirs = /opt/IBM/WebSphere/AppServer/java/lib:/opt/IBM/WebSphere/AppServer/classes:/opt/IBM/WebSphere/AppServer/lib:/opt/IBM/WebSphere/AppServer/installedChannels:/opt/IBM/WebSphere/AppServer/lib/ext:/opt/IBM/WebSphere/AppServer/web/help:/opt/IBM/WebSphere/AppServer/deploytool/itp/plugins/com.ibm.etools.ejbdeploy/runtime
Classpath = /opt/IBM/WebSphere/AppServer/profiles/AppSrv01/properties:/opt/IBM/WebSphere/AppServer/properties:/opt/IBM/WebSphere/AppServer/lib/startup.jar:/opt/IBM/WebSphere/AppServer/lib/bootstrap.jar:/opt/IBM/WebSphere/AppServer/lib/lmproxy.jar:/opt/IBM/WebSphere/AppServer/lib/urlprotocols.jar:/opt/IBM/WebSphere/AppServer/java/lib/tools.jar
Java Library path = /opt/IBM/WebSphere/AppServer/java/jre/lib/amd64/default:/opt/IBM/WebSphere/AppServer/java/jre/lib/amd64:/opt/IBM/WebSphere/AppServer/bin::/usr/lib
Current trace specification = *=info
************* End Display Current Environment *************
[6/25/16 11:15:19:809 CST] 00000000 ManagerAdmin  I   TRAS0017I: The startup trace state is *=info.
[6/25/16 11:15:19:910 CST] 00000000 AdminTool     A   ADMU0128I: Starting tool with the AppSrv01 profile
[6/25/16 11:15:19:911 CST] 00000000 AdminTool     A   ADMU3100I: Reading configuration for server: server1
[6/25/16 11:15:19:942 CST] 00000000 ModelMgr      I   WSVR0801I: Initializing all server configuration models
[6/25/16 11:15:21:234 CST] 00000000 ProviderTrack I com.ibm.ffdc.osgi.ProviderTracker AddingService FFDC1007I: FFDC Provider Installed: com.ibm.ffdc.EmptyProvider(silent)
[6/25/16 11:15:21:333 CST] 00000000 SSLConfig     W   CWPKI0041W: One or more key stores are using the default password.
[6/25/16 11:15:21:341 CST] 00000000 SSLConfigMana I   CWPKI0027I: Disabling default hostname verification for HTTPS URL connections.
[6/25/16 11:15:21:349 CST] 00000000 SecurityObjec I   Client code attempting to load security configuration
[6/25/16 11:15:21:495 CST] 00000000 AlarmThreadPo I   UTLS0015I: Hung thread detection for alarm thread pools is enabled with a 40000 millisecond threshold.
[6/25/16 11:15:21:713 CST] 00000000 SecurityConne A   JSAS0006I: Security connection interceptor initialized.
[6/25/16 11:15:21:722 CST] 00000000 ServiceInit   A   JSAS0001I: Security configuration initialized.
[6/25/16 11:15:21:722 CST] 00000000 ServiceInit   A   JSAS0003I: Authentication mechanism: BASICAUTH
[6/25/16 11:15:21:737 CST] 00000000 SecurityObjec I   Client code attempting to load security configuration
[6/25/16 11:15:21:747 CST] 00000000 CSIClientRI   A   JSAS0007I: Client request interceptor registered.
[6/25/16 11:15:21:850 CST] 00000000 WsServerStop  E   ADMU3002E: Exception attempting to process server server1
[6/25/16 11:15:21:852 CST] 00000000 WsServerStop  E   ADMU3007E: Exception com.ibm.websphere.management.exception.ConnectorException: com.ibm.websphere.management.exception.ConnectorException: ADMC0016E: The system cannot create a SOAP connector to connect to host localhost at port 8880.
[6/25/16 11:15:21:852 CST] 00000000 WsServerStop  A   ADMU3007E: Exception com.ibm.websphere.management.exception.ConnectorException: com.ibm.websphere.management.exception.ConnectorException: ADMC0016E: The system cannot create a SOAP connector to connect to host localhost at port 8880.
	at com.ibm.ws.management.connector.ConnectorHelper.createConnector(ConnectorHelper.java:606)
	at com.ibm.ws.management.tools.WsServerStop.runTool(WsServerStop.java:372)
	at com.ibm.ws.management.tools.AdminTool.executeUtility(AdminTool.java:272)
	at com.ibm.ws.management.tools.WsServerStop.main(WsServerStop.java:112)
	at sun.reflect.NativeMethodAccessorImpl.invoke0(Native Method)
	at sun.reflect.NativeMethodAccessorImpl.invoke(NativeMethodAccessorImpl.java:45)
	at sun.reflect.DelegatingMethodAccessorImpl.invoke(DelegatingMethodAccessorImpl.java:37)
	at java.lang.reflect.Method.invoke(Method.java:599)
	at com.ibm.wsspi.bootstrap.WSLauncher.launchMain(WSLauncher.java:213)
	at com.ibm.wsspi.bootstrap.WSLauncher.main(WSLauncher.java:93)
	at com.ibm.wsspi.bootstrap.WSLauncher.run(WSLauncher.java:74)
	at org.eclipse.core.internal.runtime.PlatformActivator$1.run(PlatformActivator.java:78)
	at org.eclipse.core.runtime.internal.adaptor.EclipseAppLauncher.runApplication(EclipseAppLauncher.java:92)
	at org.eclipse.core.runtime.internal.adaptor.EclipseAppLauncher.start(EclipseAppLauncher.java:68)
	at org.eclipse.core.runtime.adaptor.EclipseStarter.run(EclipseStarter.java:400)
	at org.eclipse.core.runtime.adaptor.EclipseStarter.run(EclipseStarter.java:177)
	at sun.reflect.NativeMethodAccessorImpl.invoke0(Native Method)
	at sun.reflect.NativeMethodAccessorImpl.invoke(NativeMethodAccessorImpl.java:45)
	at sun.reflect.DelegatingMethodAccessorImpl.invoke(DelegatingMethodAccessorImpl.java:37)
	at java.lang.reflect.Method.invoke(Method.java:599)
	at org.eclipse.core.launcher.Main.invokeFramework(Main.java:340)
	at org.eclipse.core.launcher.Main.basicRun(Main.java:282)
	at org.eclipse.core.launcher.Main.run(Main.java:981)
	at com.ibm.wsspi.bootstrap.WSPreLauncher.launchEclipse(WSPreLauncher.java:341)
	at com.ibm.wsspi.bootstrap.WSPreLauncher.main(WSPreLauncher.java:111)
Caused by: com.ibm.websphere.management.exception.ConnectorException: ADMC0016E: The system cannot create a SOAP connector to connect to host localhost at port 8880.
	at com.ibm.websphere.management.AdminClientFactory.createAdminClientPrivileged(AdminClientFactory.java:636)
	at com.ibm.websphere.management.AdminClientFactory.access$000(AdminClientFactory.java:128)
	at com.ibm.websphere.management.AdminClientFactory$1.run(AdminClientFactory.java:211)
	at com.ibm.ws.security.util.AccessController.doPrivileged(AccessController.java:63)
	at com.ibm.websphere.management.AdminClientFactory.createAdminClient(AdminClientFactory.java:207)
	at com.ibm.ws.management.connector.ConnectorHelper.tryProtocol(ConnectorHelper.java:643)
	at com.ibm.ws.management.connector.ConnectorHelper.createConnector(ConnectorHelper.java:575)
	... 24 more
Caused by: java.lang.reflect.InvocationTargetException
	at sun.reflect.NativeConstructorAccessorImpl.newInstance0(Native Method)
	at sun.reflect.NativeConstructorAccessorImpl.newInstance(NativeConstructorAccessorImpl.java:45)
	at sun.reflect.DelegatingConstructorAccessorImpl.newInstance(DelegatingConstructorAccessorImpl.java:39)
	at java.lang.reflect.Constructor.newInstance(Constructor.java:515)
	at com.ibm.websphere.management.AdminClientFactory.createAdminClientPrivileged(AdminClientFactory.java:458)
	... 30 more
Caused by: com.ibm.websphere.management.exception.ConnectorNotAvailableException: [SOAPException: faultCode=SOAP-ENV:Client; msg=Unable to find a valid IP for host localhost]
	at com.ibm.ws.management.connector.soap.SOAPConnectorClient.reconnect(SOAPConnectorClient.java:415)
	at com.ibm.ws.management.connector.soap.SOAPConnectorClient.<init>(SOAPConnectorClient.java:227)
	... 35 more
Caused by: [SOAPException: faultCode=SOAP-ENV:Client; msg=Unable to find a valid IP for host localhost]
	at org.apache.soap.rpc.Call.WASinvoke(Call.java:484)
	at com.ibm.ws.management.connector.soap.SOAPConnectorClient$4.run(SOAPConnectorClient.java:387)
	at com.ibm.ws.security.util.AccessController.doPrivileged(AccessController.java:118)
	at com.ibm.ws.management.connector.soap.SOAPConnectorClient.reconnect(SOAPConnectorClient.java:372)
	... 36 more

[6/25/16 11:15:21:861 CST] 00000000 AdminTool     A   ADMU0509I: The server "server1" cannot be reached. It appears to be stopped.
[6/25/16 11:15:21:862 CST] 00000000 AdminTool     A   ADMU0211I: Error details may be seen in the file: /opt/IBM/WebSphere/AppServer/profiles/AppSrv01/logs/server1/stopServer.log
************ Start Display Current Environment ************
Host Operating System is Linux, version 2.6.32-358.el6.x86_64
Java version = J2RE 1.6.0 IBM J9 2.4 Linux amd64-64 jvmxa6460-20080816_22093 (JIT enabled, AOT enabled)
J9VM - 20080816_022093_LHdSMr
JIT  - r9_20080721_1330ifx2
GC   - 20080724_AA, Java Compiler = j9jit24, Java VM name = IBM J9 VM
was.install.root = /opt/IBM/WebSphere/AppServer
user.install.root = /opt/IBM/WebSphere/AppServer/profiles/AppSrv01
Java Home = /opt/IBM/WebSphere/AppServer/java/jre
ws.ext.dirs = /opt/IBM/WebSphere/AppServer/java/lib:/opt/IBM/WebSphere/AppServer/classes:/opt/IBM/WebSphere/AppServer/lib:/opt/IBM/WebSphere/AppServer/installedChannels:/opt/IBM/WebSphere/AppServer/lib/ext:/opt/IBM/WebSphere/AppServer/web/help:/opt/IBM/WebSphere/AppServer/deploytool/itp/plugins/com.ibm.etools.ejbdeploy/runtime
Classpath = /opt/IBM/WebSphere/AppServer/profiles/AppSrv01/properties:/opt/IBM/WebSphere/AppServer/properties:/opt/IBM/WebSphere/AppServer/lib/startup.jar:/opt/IBM/WebSphere/AppServer/lib/bootstrap.jar:/opt/IBM/WebSphere/AppServer/lib/lmproxy.jar:/opt/IBM/WebSphere/AppServer/lib/urlprotocols.jar:/opt/IBM/WebSphere/AppServer/java/lib/tools.jar
Java Library path = /opt/IBM/WebSphere/AppServer/java/jre/lib/amd64/default:/opt/IBM/WebSphere/AppServer/java/jre/lib/amd64:/opt/IBM/WebSphere/AppServer/bin::/usr/lib
Current trace specification = *=info
************* End Display Current Environment *************
[6/25/16 11:32:14:402 CST] 00000000 ManagerAdmin  I   TRAS0017I: The startup trace state is *=info.
[6/25/16 11:32:14:500 CST] 00000000 AdminTool     A   ADMU0128I: Starting tool with the AppSrv01 profile
[6/25/16 11:32:14:501 CST] 00000000 AdminTool     A   ADMU3100I: Reading configuration for server: server1
[6/25/16 11:32:14:531 CST] 00000000 ModelMgr      I   WSVR0801I: Initializing all server configuration models
[6/25/16 11:32:15:851 CST] 00000000 ProviderTrack I com.ibm.ffdc.osgi.ProviderTracker AddingService FFDC1007I: FFDC Provider Installed: com.ibm.ffdc.EmptyProvider(silent)
[6/25/16 11:32:15:950 CST] 00000000 SSLConfig     W   CWPKI0041W: One or more key stores are using the default password.
[6/25/16 11:32:15:958 CST] 00000000 SSLConfigMana I   CWPKI0027I: Disabling default hostname verification for HTTPS URL connections.
[6/25/16 11:32:15:966 CST] 00000000 SecurityObjec I   Client code attempting to load security configuration
[6/25/16 11:32:16:675 CST] 00000000 SecurityObjec I   Client code attempting to load security configuration
[6/25/16 11:32:16:812 CST] 00000000 AdminTool     A   ADMU3201I: Server stop request issued. Waiting for stop status.
[6/25/16 11:32:22:131 CST] 00000000 AdminTool     A   ADMU4000I: Server server1 stop completed.
************ Start Display Current Environment ************
Host Operating System is Linux, version 2.6.32-358.el6.x86_64
Java version = J2RE 1.6.0 IBM J9 2.4 Linux amd64-64 jvmxa6460-20080816_22093 (JIT enabled, AOT enabled)
J9VM - 20080816_022093_LHdSMr
JIT  - r9_20080721_1330ifx2
GC   - 20080724_AA, Java Compiler = j9jit24, Java VM name = IBM J9 VM
was.install.root = /opt/IBM/WebSphere/AppServer
user.install.root = /opt/IBM/WebSphere/AppServer/profiles/AppSrv01
Java Home = /opt/IBM/WebSphere/AppServer/java/jre
ws.ext.dirs = /opt/IBM/WebSphere/AppServer/java/lib:/opt/IBM/WebSphere/AppServer/classes:/opt/IBM/WebSphere/AppServer/lib:/opt/IBM/WebSphere/AppServer/installedChannels:/opt/IBM/WebSphere/AppServer/lib/ext:/opt/IBM/WebSphere/AppServer/web/help:/opt/IBM/WebSphere/AppServer/deploytool/itp/plugins/com.ibm.etools.ejbdeploy/runtime
Classpath = /opt/IBM/WebSphere/AppServer/profiles/AppSrv01/properties:/opt/IBM/WebSphere/AppServer/properties:/opt/IBM/WebSphere/AppServer/lib/startup.jar:/opt/IBM/WebSphere/AppServer/lib/bootstrap.jar:/opt/IBM/WebSphere/AppServer/lib/lmproxy.jar:/opt/IBM/WebSphere/AppServer/lib/urlprotocols.jar:/opt/IBM/WebSphere/AppServer/java/lib/tools.jar
Java Library path = /opt/IBM/WebSphere/AppServer/java/jre/lib/amd64/default:/opt/IBM/WebSphere/AppServer/java/jre/lib/amd64:/opt/IBM/WebSphere/AppServer/bin::/usr/lib
Current trace specification = *=info
************* End Display Current Environment *************
[6/25/16 11:39:34:156 CST] 00000000 ManagerAdmin  I   TRAS0017I: The startup trace state is *=info.
[6/25/16 11:39:34:255 CST] 00000000 AdminTool     A   ADMU0128I: Starting tool with the AppSrv01 profile
[6/25/16 11:39:34:256 CST] 00000000 AdminTool     A   ADMU3100I: Reading configuration for server: server1
[6/25/16 11:39:34:284 CST] 00000000 ModelMgr      I   WSVR0801I: Initializing all server configuration models
[6/25/16 11:39:35:536 CST] 00000000 ProviderTrack I com.ibm.ffdc.osgi.ProviderTracker AddingService FFDC1007I: FFDC Provider Installed: com.ibm.ffdc.EmptyProvider(silent)
[6/25/16 11:39:35:631 CST] 00000000 SSLConfig     W   CWPKI0041W: One or more key stores are using the default password.
[6/25/16 11:39:35:638 CST] 00000000 SSLConfigMana I   CWPKI0027I: Disabling default hostname verification for HTTPS URL connections.
[6/25/16 11:39:35:646 CST] 00000000 SecurityObjec I   Client code attempting to load security configuration
[6/25/16 11:39:36:354 CST] 00000000 SecurityObjec I   Client code attempting to load security configuration
[6/25/16 11:39:36:479 CST] 00000000 AdminTool     A   ADMU3201I: Server stop request issued. Waiting for stop status.
[6/25/16 11:39:41:781 CST] 00000000 AdminTool     A   ADMU4000I: Server server1 stop completed.
************ Start Display Current Environment ************
Host Operating System is Linux, version 2.6.32-358.el6.x86_64
Java version = J2RE 1.6.0 IBM J9 2.4 Linux amd64-64 jvmxa6460-20080816_22093 (JIT enabled, AOT enabled)
J9VM - 20080816_022093_LHdSMr
JIT  - r9_20080721_1330ifx2
GC   - 20080724_AA, Java Compiler = j9jit24, Java VM name = IBM J9 VM
was.install.root = /opt/IBM/WebSphere/AppServer
user.install.root = /opt/IBM/WebSphere/AppServer/profiles/AppSrv01
Java Home = /opt/IBM/WebSphere/AppServer/java/jre
ws.ext.dirs = /opt/IBM/WebSphere/AppServer/java/lib:/opt/IBM/WebSphere/AppServer/classes:/opt/IBM/WebSphere/AppServer/lib:/opt/IBM/WebSphere/AppServer/installedChannels:/opt/IBM/WebSphere/AppServer/lib/ext:/opt/IBM/WebSphere/AppServer/web/help:/opt/IBM/WebSphere/AppServer/deploytool/itp/plugins/com.ibm.etools.ejbdeploy/runtime
Classpath = /opt/IBM/WebSphere/AppServer/profiles/AppSrv01/properties:/opt/IBM/WebSphere/AppServer/properties:/opt/IBM/WebSphere/AppServer/lib/startup.jar:/opt/IBM/WebSphere/AppServer/lib/bootstrap.jar:/opt/IBM/WebSphere/AppServer/lib/lmproxy.jar:/opt/IBM/WebSphere/AppServer/lib/urlprotocols.jar:/opt/IBM/WebSphere/AppServer/java/lib/tools.jar
Java Library path = /opt/IBM/WebSphere/AppServer/java/jre/lib/amd64/default:/opt/IBM/WebSphere/AppServer/java/jre/lib/amd64:/opt/IBM/WebSphere/AppServer/bin::/usr/lib
Current trace specification = *=info
************* End Display Current Environment *************
[16-6-25 15:35:32:984 CST] 00000000 ManagerAdmin  I   TRAS0017I: The startup trace state is *=info.
[16-6-25 15:35:33:040 CST] 00000000 AdminTool     A   ADMU0128I: Starting tool with the AppSrv01 profile
[16-6-25 15:35:33:041 CST] 00000000 AdminTool     A   ADMU3100I: Reading configuration for server: server1
[16-6-25 15:35:33:067 CST] 00000000 ModelMgr      I   WSVR0801I: Initializing all server configuration models
[16-6-25 15:35:34:240 CST] 00000000 ProviderTrack I com.ibm.ffdc.osgi.ProviderTracker AddingService FFDC1007I: FFDC 提供程序安装：com.ibm.ffdc.EmptyProvider(silent)
[16-6-25 15:35:34:313 CST] 00000000 SSLConfig     W   CWPKI0041W: One or more key stores are using the default password.
[16-6-25 15:35:34:332 CST] 00000000 SSLConfigMana I   CWPKI0027I: Disabling default hostname verification for HTTPS URL connections.
[16-6-25 15:35:34:341 CST] 00000000 SecurityObjec I   Client code attempting to load security configuration
[16-6-25 15:35:34:997 CST] 00000000 SecurityObjec I   Client code attempting to load security configuration
[16-6-25 15:35:35:092 CST] 00000000 AdminTool     A   ADMU3201I: Server stop request issued. Waiting for stop status.
[16-6-25 15:35:40:328 CST] 00000000 AdminTool     A   ADMU4000I: Server server1 stop completed.
************ Start Display Current Environment ************
Host Operating System is Linux, version 2.6.32-358.el6.x86_64
Java version = J2RE 1.6.0 IBM J9 2.4 Linux amd64-64 jvmxa6460-20080816_22093 (JIT enabled, AOT enabled)
J9VM - 20080816_022093_LHdSMr
JIT  - r9_20080721_1330ifx2
GC   - 20080724_AA, Java Compiler = j9jit24, Java VM name = IBM J9 VM
was.install.root = /opt/IBM/WebSphere/AppServer
user.install.root = /opt/IBM/WebSphere/AppServer/profiles/AppSrv01
Java Home = /opt/IBM/WebSphere/AppServer/java/jre
ws.ext.dirs = /opt/IBM/WebSphere/AppServer/java/lib:/opt/IBM/WebSphere/AppServer/classes:/opt/IBM/WebSphere/AppServer/lib:/opt/IBM/WebSphere/AppServer/installedChannels:/opt/IBM/WebSphere/AppServer/lib/ext:/opt/IBM/WebSphere/AppServer/web/help:/opt/IBM/WebSphere/AppServer/deploytool/itp/plugins/com.ibm.etools.ejbdeploy/runtime
Classpath = /opt/IBM/WebSphere/AppServer/profiles/AppSrv01/properties:/opt/IBM/WebSphere/AppServer/properties:/opt/IBM/WebSphere/AppServer/lib/startup.jar:/opt/IBM/WebSphere/AppServer/lib/bootstrap.jar:/opt/IBM/WebSphere/AppServer/lib/lmproxy.jar:/opt/IBM/WebSphere/AppServer/lib/urlprotocols.jar:/opt/IBM/WebSphere/AppServer/java/lib/tools.jar
Java Library path = /opt/IBM/WebSphere/AppServer/java/jre/lib/amd64/default:/opt/IBM/WebSphere/AppServer/java/jre/lib/amd64:/opt/IBM/WebSphere/AppServer/bin::/usr/lib
Current trace specification = *=info
************* End Display Current Environment *************
[16-6-25 15:44:03:650 CST] 00000000 ManagerAdmin  I   TRAS0017I: The startup trace state is *=info.
[16-6-25 15:44:03:704 CST] 00000000 AdminTool     A   ADMU0128I: Starting tool with the AppSrv01 profile
[16-6-25 15:44:03:705 CST] 00000000 AdminTool     A   ADMU3100I: Reading configuration for server: server1
[16-6-25 15:44:03:730 CST] 00000000 ModelMgr      I   WSVR0801I: Initializing all server configuration models
[16-6-25 15:44:04:974 CST] 00000000 ProviderTrack I com.ibm.ffdc.osgi.ProviderTracker AddingService FFDC1007I: FFDC 提供程序安装：com.ibm.ffdc.EmptyProvider(silent)
[16-6-25 15:44:05:050 CST] 00000000 SSLConfig     W   CWPKI0041W: One or more key stores are using the default password.
[16-6-25 15:44:05:056 CST] 00000000 SSLConfigMana I   CWPKI0027I: Disabling default hostname verification for HTTPS URL connections.
[16-6-25 15:44:05:063 CST] 00000000 SecurityObjec I   Client code attempting to load security configuration
[16-6-25 15:44:05:730 CST] 00000000 SecurityObjec I   Client code attempting to load security configuration
[16-6-25 15:44:05:842 CST] 00000000 AdminTool     A   ADMU3201I: Server stop request issued. Waiting for stop status.
[16-6-25 15:44:11:127 CST] 00000000 AdminTool     A   ADMU4000I: Server server1 stop completed.
